[16:30:46] [main/INFO]: Loading Minecraft 1.21.7 with Fabric Loader 0.17.3
[16:30:47] [main/INFO]: Loading 41 mods:
	- carryon 2.6.0
	- chunky 1.4.40
	- fabric-api 0.129.0+1.21.7
	   |-- fabric-api-base 0.4.64+9ec45cd86c
	   |-- fabric-api-lookup-api-v1 1.6.100+946bf4c36c
	   |-- fabric-biome-api-v1 16.0.11+946bf4c36c
	   |-- fabric-block-api-v1 1.1.3+946bf4c36c
	   |-- fabric-block-view-api-v2 1.0.31+946bf4c36c
	   |-- fabric-command-api-v2 2.2.53+946bf4c36c
	   |-- fabric-content-registries-v0 10.0.18+946bf4c36c
	   |-- fabric-convention-tags-v1 2.1.40+7f945d5b6c
	   |-- fabric-convention-tags-v2 2.15.5+eb5df52f6c
	   |-- fabric-crash-report-info-v1 0.3.15+946bf4c36c
	   |-- fabric-data-attachment-api-v1 1.8.10+946bf4c36c
	   |-- fabric-data-generation-api-v1 23.2.4+55e55d296c
	   |-- fabric-dimensions-v1 4.0.19+946bf4c36c
	   |-- fabric-entity-events-v1 2.1.1+c9e472736c
	   |-- fabric-events-interaction-v0 4.0.23+946bf4c36c
	   |-- fabric-game-rule-api-v1 1.0.73+c64c9c5b6c
	   |-- fabric-item-api-v1 11.4.3+946bf4c36c
	   |-- fabric-item-group-api-v1 4.2.13+946bf4c36c
	   |-- fabric-key-binding-api-v1 1.0.65+946bf4c36c
	   |-- fabric-lifecycle-events-v1 2.6.3+db4dfd856c
	   |-- fabric-loot-api-v2 3.0.55+3f89f5a56c
	   |-- fabric-loot-api-v3 2.0.2+946bf4c36c
	   |-- fabric-message-api-v1 6.1.1+946bf4c36c
	   |-- fabric-model-loading-api-v1 5.2.5+946bf4c36c
	   |-- fabric-networking-api-v1 5.0.1+946bf4c36c
	   |-- fabric-object-builder-api-v1 21.1.7+946bf4c36c
	   |-- fabric-particles-v1 4.1.7+946bf4c36c
	   |-- fabric-recipe-api-v1 8.1.14+946bf4c36c
	   |-- fabric-registry-sync-v0 6.1.27+946bf4c36c
	   |-- fabric-renderer-api-v1 7.0.2+946bf4c36c
	   |-- fabric-renderer-indigo 4.0.2+946bf4c36c
	   |-- fabric-rendering-fluids-v1 3.1.30+fa6cb72b6c
	   |-- fabric-rendering-v1 12.4.0+e8d43c766c
	   |-- fabric-resource-conditions-api-v1 5.0.24+946bf4c36c
	   |-- fabric-resource-loader-v0 3.1.11+946bf4c36c
	   |-- fabric-screen-api-v1 2.1.0+277ecf7d6c
	   |-- fabric-screen-handler-api-v1 1.3.136+946bf4c36c
	   |-- fabric-sound-api-v1 1.0.42+946bf4c36c
	   |-- fabric-tag-api-v1 1.2.1+946bf4c36c
	   |-- fabric-transfer-api-v1 6.0.5+946bf4c36c
	   \-- fabric-transitive-access-wideners-v1 6.4.1+ac3e15d16c
	- fabricloader 0.17.3
	   \-- mixinextras 0.5.0
	- java 21
	- minecraft 1.21.7
[16:30:47] [main/INFO]: SpongePowered MIXIN Subsystem Version=0.8.7 Source=file:/workspaces/haball/fabric%201.21.7/libraries/net/fabricmc/sponge-mixin/0.16.5+mixin.0.8.7/sponge-mixin-0.16.5+mixin.0.8.7.jar Service=Knot/Fabric Env=SERVER
[16:30:47] [main/INFO]: Compatibility level set to JAVA_21
[16:30:48] [main/INFO]: Initializing MixinExtras via com.llamalad7.mixinextras.service.MixinExtrasServiceImpl(version=0.5.0).
[16:30:59] [main/INFO]: Environment: Environment[sessionHost=https://sessionserver.mojang.com, servicesHost=https://api.minecraftservices.com, name=PROD]
[16:31:03] [main/INFO]: Loaded 1407 recipes
[16:31:03] [main/INFO]: Loaded 1520 advancements
[16:31:03] [main/INFO]: Applied 0 biome modifications to 0 of 65 new biomes in 3.676 ms
[16:31:03] [Server thread/INFO]: Starting minecraft server version 1.21.7
[16:31:03] [Server thread/INFO]: Loading properties
[16:31:03] [Server thread/INFO]: Default game type: SURVIVAL
[16:31:03] [Server thread/INFO]: Generating keypair
[16:31:03] [Server thread/INFO]: Starting Minecraft server on *:25565
[16:31:03] [Server thread/INFO]: Using epoll channel type
[16:31:04] [Server thread/WARN]: **** SERVER IS RUNNING IN OFFLINE/INSECURE MODE!
[16:31:04] [Server thread/WARN]: The server will make no attempt to authenticate usernames. Beware.
[16:31:04] [Server thread/WARN]: While this makes the game possible to play without internet access, it also opens up the ability for hackers to connect with any username they choose.
[16:31:04] [Server thread/WARN]: To change this, set "online-mode" to "true" in the server.properties file.
[16:31:04] [Server thread/INFO]: Preparing level "world"
[16:31:04] [Server thread/INFO]: Preparing start region for dimension minecraft:overworld
[16:31:13] [Worker-Main-1/INFO]: Preparing spawn area: 0%
[16:31:13] [Worker-Main-1/INFO]: Preparing spawn area: 0%
[16:31:13] [Worker-Main-1/INFO]: Preparing spawn area: 0%
[16:31:13] [Worker-Main-1/INFO]: Preparing spawn area: 0%
[16:31:13] [Worker-Main-1/INFO]: Preparing spawn area: 0%
[16:31:13] [Worker-Main-1/INFO]: Preparing spawn area: 0%
[16:31:13] [Worker-Main-1/INFO]: Preparing spawn area: 0%
[16:31:13] [Worker-Main-1/INFO]: Preparing spawn area: 0%
[16:31:13] [Worker-Main-1/INFO]: Preparing spawn area: 0%
[16:31:13] [Worker-Main-1/INFO]: Preparing spawn area: 0%
[16:31:13] [Worker-Main-1/INFO]: Preparing spawn area: 0%
[16:31:13] [Worker-Main-1/INFO]: Preparing spawn area: 0%
[16:31:13] [Worker-Main-1/INFO]: Preparing spawn area: 0%
[16:31:13] [Worker-Main-1/INFO]: Preparing spawn area: 0%
[16:31:13] [Worker-Main-1/INFO]: Preparing spawn area: 0%
[16:31:13] [Worker-Main-1/INFO]: Preparing spawn area: 0%
[16:31:13] [Worker-Main-1/INFO]: Preparing spawn area: 0%
[16:31:13] [Worker-Main-1/INFO]: Preparing spawn area: 0%
[16:31:13] [Server thread/INFO]: Time elapsed: 8736 ms
[16:31:13] [Server thread/INFO]: Done (9.267s)! For help, type "help"
[16:31:52] [Server thread/INFO]: MS16IQ[/127.88.174.89:34993] logged in with entity id 10 at (1589.319620946294, 72.0, 471.32326857998993)
[16:31:52] [Server thread/INFO]: MS16IQ joined the game
[16:31:54] [Server thread/INFO]: [Not Secure] <MS16IQ> ttttt
[16:32:07] [Server thread/INFO]: PhiloSip[/127.178.11.11:38689] logged in with entity id 280 at (1623.7455204545272, 62.0, 523.9063265585039)
[16:32:07] [Server thread/INFO]: PhiloSip joined the game
[16:34:39] [Server thread/INFO]: PhiloSip has made the advancement [Diamonds!]
[16:35:14] [Server thread/INFO]: PhiloSip lost connection: Disconnected
[16:35:14] [Server thread/INFO]: PhiloSip left the game
[16:36:06] [Server thread/INFO]: PhiloSip[/127.178.11.11:41995] logged in with entity id 959 at (1604.4491177935338, 26.0, 542.5363660386117)
[16:36:06] [Server thread/INFO]: PhiloSip joined the game
[16:41:45] [Server thread/INFO]: [Not Secure] <PhiloSip> w ws
[16:42:38] [Server thread/INFO]: MS16IQ has made the advancement [Suit Up]
[16:43:58] [Server thread/INFO]: PhiloSip has made the advancement [Isn't It Iron Pick]
[16:45:40] [Server thread/INFO]: PhiloSip fell from a high place
[16:46:30] [Server thread/INFO]: PhiloSip has made the advancement [Suit Up]
[16:47:23] [Server thread/INFO]: [Not Secure] <MS16IQ> ttt
[16:48:42] [Server thread/INFO]: MS16IQ has made the advancement [Not Today, Thank You]
[16:48:51] [Server thread/WARN]: PhiloSip moved too quickly! 7.352987415797315,-5.8322033533667454,-3.7101055834613135
[16:51:47] [Server thread/INFO]: MS16IQ has made the advancement [Ice Bucket Challenge]
[16:55:02] [Server thread/WARN]: MS16IQ moved too quickly! 6.716726547798771,0.5009966402674806,-7.429929568865077
[16:55:45] [Server thread/WARN]: MS16IQ moved too quickly! 8.982555467803877,-0.14168517272452874,4.471971303673172
[17:05:34] [Server thread/INFO]: MS16IQ lost connection: Disconnected
[17:05:34] [Server thread/INFO]: MS16IQ left the game
[17:05:36] [Server thread/INFO]: MS16IQ[/127.88.174.89:47337] logged in with entity id 7476 at (1190.5020919313965, 72.0, 825.9402016506439)
[17:05:36] [Server thread/INFO]: MS16IQ joined the game
[17:10:26] [Server thread/INFO]: PhiloSip drowned
[17:17:58] [Server thread/INFO]: PhiloSip lost connection: Disconnected
[17:17:58] [Server thread/INFO]: PhiloSip left the game
[17:18:09] [Server thread/INFO]: PhiloSip[/127.178.11.11:57139] logged in with entity id 13122 at (508.69999998807907, 115.0, 821.6999999880791)
[17:18:09] [Server thread/INFO]: PhiloSip joined the game
[17:22:54] [Server thread/INFO]: PhiloSip lost connection: Timed out
[17:22:54] [Server thread/INFO]: PhiloSip left the game
[17:23:00] [Server thread/INFO]: [Not Secure] <MS16IQ> tt
[17:23:04] [Server thread/INFO]: PhiloSip[/127.10.78.244:46405] logged in with entity id 14949 at (494.7761741797195, 86.0, 1146.588654966426)
[17:23:04] [Server thread/INFO]: PhiloSip joined the game
[17:32:24] [Server thread/INFO]: PhiloSip tried to swim in lava
[17:34:46] [Server thread/INFO]: PhiloSip lost connection: Disconnected
[17:34:46] [Server thread/INFO]: PhiloSip left the game
[17:35:23] [Server thread/INFO]: com.mojang.authlib.GameProfile@4e7623d3[id=3cd909b7-8b67-373f-be93-6d55f5b867d4,name=PhiloSip,properties={}] lost connection: Disconnected
[17:35:46] [Server thread/INFO]: com.mojang.authlib.GameProfile@48b52363[id=3cd909b7-8b67-373f-be93-6d55f5b867d4,name=PhiloSip,properties={}] lost connection: Timed out
[17:35:55] [Server thread/INFO]: [Not Secure] <MS16IQ> tt
[17:36:32] [Server thread/INFO]: MS16IQ lost connection: Disconnected
[17:36:32] [Server thread/INFO]: MS16IQ left the game
